0 info it worked if it ends with ok
1 verbose cli [ '/usr/local/bin/node', '/usr/local/bin/npm', 'start' ]
2 info using npm@3.10.10
3 info using node@v6.10.2
4 verbose run-script [ 'prestart', 'start', 'poststart' ]
5 info lifecycle @~prestart: @
6 verbose lifecycle @~prestart: unsafe-perm in lifecycle true
7 verbose lifecycle @~prestart: PATH: /usr/local/lib/node_modules/npm/bin/node-gyp-bin:/Users/cboy/Desktop/Project/github/scanner/server/node_modules/.bin:/usr/local/mysql/bin/:/Users/cboy/Env/go/bin:/opt/local/bin/platform-tools/:/opt/local/bin:/opt/local/sbin:/usr/bin:/bin:/usr/sbin:/sbin:/usr/local/bin:/Applications/Wireshark.app/Contents/MacOS:/usr/local/mysql/bin/:/Users/cboy/Env/go/bin:/opt/local/bin/platform-tools/:/opt/local/bin:/opt/local/sbin
8 verbose lifecycle @~prestart: CWD: /Users/cboy/Desktop/Project/github/scanner/server
9 silly lifecycle @~prestart: Args: [ '-c',
9 silly lifecycle   'webpack ./static/app/index.js ./static/app/dist/bundle.js' ]
10 silly lifecycle @~prestart: Returned: code: 2  signal: null
11 info lifecycle @~prestart: Failed to exec prestart script
12 verbose stack Error: @ prestart: `webpack ./static/app/index.js ./static/app/dist/bundle.js`
12 verbose stack Exit status 2
12 verbose stack     at EventEmitter.<anonymous> (/usr/local/lib/node_modules/npm/lib/utils/lifecycle.js:255:16)
12 verbose stack     at emitTwo (events.js:106:13)
12 verbose stack     at EventEmitter.emit (events.js:191:7)
12 verbose stack     at ChildProcess.<anonymous> (/usr/local/lib/node_modules/npm/lib/utils/spawn.js:40:14)
12 verbose stack     at emitTwo (events.js:106:13)
12 verbose stack     at ChildProcess.emit (events.js:191:7)
12 verbose stack     at maybeClose (internal/child_process.js:886:16)
12 verbose stack     at Process.ChildProcess._handle.onexit (internal/child_process.js:226:5)
13 verbose pkgid @
14 verbose cwd /Users/cboy/Desktop/Project/github/scanner/server
15 error Darwin 13.4.0
16 error argv "/usr/local/bin/node" "/usr/local/bin/npm" "start"
17 error node v6.10.2
18 error npm  v3.10.10
19 error code ELIFECYCLE
20 error @ prestart: `webpack ./static/app/index.js ./static/app/dist/bundle.js`
20 error Exit status 2
21 error Failed at the @ prestart script 'webpack ./static/app/index.js ./static/app/dist/bundle.js'.
21 error Make sure you have the latest version of node.js and npm installed.
21 error If you do, this is most likely a problem with the  package,
21 error not with npm itself.
21 error Tell the author that this fails on your system:
21 error     webpack ./static/app/index.js ./static/app/dist/bundle.js
21 error You can get information on how to open an issue for this project with:
21 error     npm bugs
21 error Or if that isn't available, you can get their info via:
21 error     npm owner ls
21 error There is likely additional logging output above.
22 verbose exit [ 1, true ]
